********** Square lattice of rods in air **********
********** Square lattice of rods: TE bands**********
init-params: initializing eigensolver data
Computing 8 bands with 1.000000e-07 tolerance.
Working in 2 dimensions.
Grid size is 32 x 32 x 1.
Solving for 8 bands at a time.
Creating Maxwell data...
Mesh size is 3.
Lattice vectors:
     (1, 0, 0)
     (0, 1, 0)
     (0, 0, 1)
Cell volume = 1
Reciprocal lattice vectors (/ 2 pi):
     (1, -0, 0)
     (-0, 1, -0)
     (0, -0, 1)
Geometric objects:
     cylinder, center = (0,0,0)
          radius 0.2, height 1e+20, axis (0, 0, 1)
          epsilon = 12, mu = 1
Geometric object tree has depth 1 and 1 object nodes (vs. 1 actual objects)
Initializing epsilon function...
Allocating fields...
16 k-points:
     (0,0,0)
     (0.1,0,0)
     (0.2,0,0)
     (0.3,0,0)
     (0.4,0,0)
     (0.5,0,0)
     (0.5,0.1,0)
     (0.5,0.2,0)
     (0.5,0.3,0)
     (0.5,0.4,0)
     (0.5,0.5,0)
     (0.4,0.4,0)
     (0.3,0.3,0)
     (0.2,0.2,0)
     (0.1,0.1,0)
     (0,0,0)
Solving for band polarization: te.
Initializing fields to random numbers...
elapsed time for initialization: 0 seconds.
epsilon: 1-12, mean 2.38229, harm. mean 1.1448, 14.5508% > 1, 12.5663% "fill"
Outputting tutorial-epsilon...
solve_kpoint (0,0,0):
tefreqs:, k index, k1, k2, k3, kmag/2pi, te band 1, te band 2, te band 3, te band 4, te band 5, te band 6, te band 7, te band 8
Solving for bands 2 to 8...
Finished solving for bands 2 to 8 after 30 iterations.
tefreqs:, 1, 0, 0, 0, 0, 0, 0.552709, 0.773227, 0.77323, 0.922997, 1.00017, 1.00017, 1.09282
elapsed time for k point: 0 seconds.
solve_kpoint (0.1,0,0):
Solving for bands 1 to 8...
Finished solving for bands 1 to 8 after 16 iterations.
tefreqs:, 2, 0.1, 0, 0, 0.1, 0.0897333, 0.551138, 0.7616, 0.774682, 0.907199, 1.00188, 1.00357, 1.11423
elapsed time for k point: 0 seconds.
solve_kpoint (0.2,0,0):
Solving for bands 1 to 8...
Finished solving for bands 1 to 8 after 87 iterations.
tefreqs:, 3, 0.2, 0, 0, 0.2, 0.178692, 0.544896, 0.728534, 0.778528, 0.880244, 1.00699, 1.01696, 1.10027
elapsed time for k point: 0 seconds.
solve_kpoint (0.3,0,0):
Solving for bands 1 to 8...
Finished solving for bands 1 to 8 after 12 iterations.
tefreqs:, 4, 0.3, 0, 0, 0.3, 0.265798, 0.528176, 0.685449, 0.783377, 0.860714, 1.01515, 1.03843, 1.09664
elapsed time for k point: 0 seconds.
solve_kpoint (0.4,0,0):
Solving for bands 1 to 8...
Finished solving for bands 1 to 8 after 15 iterations.
tefreqs:, 5, 0.4, 0, 0, 0.4, 0.348956, 0.490738, 0.652797, 0.787382, 0.849999, 1.02443, 1.06441, 1.09121
elapsed time for k point: 0 seconds.
solve_kpoint (0.5,0,0):
Solving for bands 1 to 8...
Finished solving for bands 1 to 8 after 20 iterations.
tefreqs:, 6, 0.5, 0, 0, 0.5, 0.412791, 0.441588, 0.641998, 0.788933, 0.846588, 1.02916, 1.08607, 1.08787
elapsed time for k point: 0 seconds.
solve_kpoint (0.5,0.1,0):
Solving for bands 1 to 8...
Finished solving for bands 1 to 8 after 15 iterations.
tefreqs:, 7, 0.5, 0.1, 0, 0.509902, 0.423741, 0.445781, 0.63823, 0.793147, 0.842943, 0.986523, 1.05018, 1.10383
elapsed time for k point: 0 seconds.
solve_kpoint (0.5,0.2,0):
Solving for bands 1 to 8...
Finished solving for bands 1 to 8 after 12 iterations.
tefreqs:, 8, 0.5, 0.2, 0, 0.538516, 0.454781, 0.457434, 0.627898, 0.805254, 0.826101, 0.927945, 1.00456, 1.10879
elapsed time for k point: 0 seconds.
solve_kpoint (0.5,0.3,0):
Solving for bands 1 to 8...
Finished solving for bands 1 to 8 after 11 iterations.
tefreqs:, 9, 0.5, 0.3, 0, 0.583095, 0.473767, 0.501279, 0.61358, 0.781467, 0.824181, 0.894949, 0.959051, 1.1107
elapsed time for k point: 0 seconds.
solve_kpoint (0.5,0.4,0):
Solving for bands 1 to 8...
Finished solving for bands 1 to 8 after 10 iterations.
tefreqs:, 10, 0.5, 0.4, 0, 0.640312, 0.489649, 0.556045, 0.59957, 0.719611, 0.849247, 0.884337, 0.917168, 1.11162
elapsed time for k point: 1 seconds.
solve_kpoint (0.5,0.5,0):
Solving for bands 1 to 8...
Finished solving for bands 1 to 8 after 9 iterations.
tefreqs:, 11, 0.5, 0.5, 0, 0.707107, 0.496836, 0.593141, 0.593154, 0.679169, 0.878684, 0.881977, 0.881982, 1.11192
elapsed time for k point: 0 seconds.
solve_kpoint (0.4,0.4,0):
Solving for bands 1 to 8...
Finished solving for bands 1 to 8 after 10 iterations.
tefreqs:, 12, 0.4, 0.4, 0, 0.565685, 0.470987, 0.546003, 0.606732, 0.743602, 0.839223, 0.882254, 0.93697, 1.11121
elapsed time for k point: 0 seconds.
solve_kpoint (0.3,0.3,0):
Solving for bands 1 to 8...
Finished solving for bands 1 to 8 after 12 iterations.
tefreqs:, 13, 0.3, 0.3, 0, 0.424264, 0.372435, 0.536186, 0.644572, 0.809689, 0.825804, 0.883642, 1.0102, 1.10725
elapsed time for k point: 0 seconds.
solve_kpoint (0.2,0.2,0):
Solving for bands 1 to 8...
Finished solving for bands 1 to 8 after 15 iterations.
tefreqs:, 14, 0.2, 0.2, 0, 0.282843, 0.252088, 0.542887, 0.698081, 0.789371, 0.888483, 0.897858, 1.07884, 1.09039
elapsed time for k point: 0 seconds.
solve_kpoint (0.1,0.1,0):
Solving for bands 1 to 8...
Finished solving for bands 1 to 8 after 18 iterations.
tefreqs:, 15, 0.1, 0.1, 0, 0.141421, 0.126841, 0.549908, 0.750378, 0.777261, 0.903059, 0.961984, 1.04191, 1.10004
elapsed time for k point: 0 seconds.
solve_kpoint (0,0,0):
Solving for bands 2 to 8...
Finished solving for bands 2 to 8 after 84 iterations.
tefreqs:, 16, 0, 0, 0, 0, 0, 0.552709, 0.773227, 0.77323, 0.922997, 1.00017, 1.00017, 1.09282
elapsed time for k point: 0 seconds.
Band 1 range: 0.0 at #(0.0 0.0 0.0) to 0.4968358657398515 at #(0.5 0.5 0.0)
Band 2 range: 0.4415884758332021 at #(0.5 0.0 0.0) to 0.5931405182468773 at #(0.5 0.5 0.0)
Band 3 range: 0.5931535893552213 at #(0.5 0.5 0.0) to 0.7732265678573129 at #(0.0 0.0 0.0)
Band 4 range: 0.6791690135255466 at #(0.5 0.5 0.0) to 0.8096891662050545 at #(0.30000000000000004 0.30000000000000004 0.0)
Band 5 range: 0.8241814492203738 at #(0.5 0.30000000000000004 0.0) to 0.9229965269593986 at #(0.0 0.0 0.0)
Band 6 range: 0.8819770936730603 at #(0.5 0.5 0.0) to 1.0291597307277092 at #(0.5 0.0 0.0)
Band 7 range: 0.8819818143162895 at #(0.5 0.5 0.0) to 1.0860733987592894 at #(0.5 0.0 0.0)
Band 8 range: 1.0878690871432142 at #(0.5 0.0 0.0) to 1.114233033773881 at #(0.10000000000000003 0.0 0.0)
Gap from band 2 (0.5931405182468773) to band 3 (0.5931535893552213), 0.002203687645461328%
Gap from band 4 (0.8096891662050545) to band 5 (0.8241814492203738), 1.773981719053787%
Gap from band 7 (1.0860733987592894) to band 8 (1.0878690871432142), 0.16520109391755783%
total elapsed time for run: 1 seconds.
done.
********** Square lattice of rods: TM bands **********
init-params: initializing eigensolver data
Computing 8 bands with 1.000000e-07 tolerance.
Working in 2 dimensions.
Grid size is 32 x 32 x 1.
Solving for 8 bands at a time.
Creating Maxwell data...
Mesh size is 3.
Lattice vectors:
     (1, 0, 0)
     (0, 1, 0)
     (0, 0, 1)
Cell volume = 1
Reciprocal lattice vectors (/ 2 pi):
     (1, -0, 0)
     (-0, 1, -0)
     (0, -0, 1)
Geometric objects:
     cylinder, center = (0,0,0)
          radius 0.2, height 1e+20, axis (0, 0, 1)
          epsilon = 12, mu = 1
Geometric object tree has depth 1 and 1 object nodes (vs. 1 actual objects)
Initializing epsilon function...
16 k-points:
     (0,0,0)
     (0.1,0,0)
     (0.2,0,0)
     (0.3,0,0)
     (0.4,0,0)
     (0.5,0,0)
     (0.5,0.1,0)
     (0.5,0.2,0)
     (0.5,0.3,0)
     (0.5,0.4,0)
     (0.5,0.5,0)
     (0.4,0.4,0)
     (0.3,0.3,0)
     (0.2,0.2,0)
     (0.1,0.1,0)
     (0,0,0)
Solving for band polarization: tm.
Initializing fields to random numbers...
elapsed time for initialization: 0 seconds.
epsilon: 1-12, mean 2.38229, harm. mean 1.1448, 14.5508% > 1, 12.5663% "fill"
Outputting tutorial-epsilon...
solve_kpoint (0,0,0):
tmfreqs:, k index, k1, k2, k3, kmag/2pi, tm band 1, tm band 2, tm band 3, tm band 4, tm band 5, tm band 6, tm band 7, tm band 8
Solving for bands 2 to 8...
Finished solving for bands 2 to 8 after 17 iterations.
tmfreqs:, 1, 0, 0, 0, 0, 0, 0.546027, 0.552094, 0.552096, 0.812093, 0.854314, 0.951107, 1.08259
elapsed time for k point: 0 seconds.
solve_kpoint (0.1,0,0):
Solving for bands 1 to 8...
Finished solving for bands 1 to 8 after 17 iterations.
tmfreqs:, 2, 0.1, 0, 0, 0.1, 0.0643671, 0.518896, 0.552617, 0.579095, 0.812721, 0.852958, 0.941428, 1.04995
elapsed time for k point: 0 seconds.
solve_kpoint (0.2,0,0):
Solving for bands 1 to 8...
Finished solving for bands 1 to 8 after 8 iterations.
tmfreqs:, 3, 0.2, 0, 0, 0.2, 0.126061, 0.48795, 0.553991, 0.610359, 0.812384, 0.849484, 0.912816, 1.02959
elapsed time for k point: 0 seconds.
solve_kpoint (0.3,0,0):
Solving for bands 1 to 8...
Finished solving for bands 1 to 8 after 7 iterations.
tmfreqs:, 4, 0.3, 0, 0, 0.3, 0.181523, 0.45665, 0.555709, 0.644685, 0.802314, 0.845326, 0.880698, 1.025
elapsed time for k point: 0 seconds.
solve_kpoint (0.4,0,0):
Solving for bands 1 to 8...
Finished solving for bands 1 to 8 after 8 iterations.
tmfreqs:, 5, 0.4, 0, 0, 0.4, 0.224302, 0.429317, 0.557116, 0.682524, 0.772176, 0.842059, 0.865404, 1.0269
elapsed time for k point: 0 seconds.
solve_kpoint (0.5,0,0):
Solving for bands 1 to 8...
Finished solving for bands 1 to 8 after 9 iterations.
tmfreqs:, 6, 0.5, 0, 0, 0.5, 0.241821, 0.417114, 0.557658, 0.713395, 0.741311, 0.84083, 0.862516, 1.02856
elapsed time for k point: 0 seconds.
solve_kpoint (0.5,0.1,0):
Solving for bands 1 to 8...
Finished solving for bands 1 to 8 after 7 iterations.
tmfreqs:, 7, 0.5, 0.1, 0, 0.509902, 0.245235, 0.4236, 0.551085, 0.711571, 0.749855, 0.841982, 0.862609, 1.01714
elapsed time for k point: 0 seconds.
solve_kpoint (0.5,0.2,0):
Solving for bands 1 to 8...
Finished solving for bands 1 to 8 after 6 iterations.
tmfreqs:, 8, 0.5, 0.2, 0, 0.538516, 0.25442, 0.441321, 0.535034, 0.706018, 0.772267, 0.845818, 0.862861, 0.989395
elapsed time for k point: 0 seconds.
solve_kpoint (0.5,0.3,0):
Solving for bands 1 to 8...
Finished solving for bands 1 to 8 after 7 iterations.
tmfreqs:, 9, 0.5, 0.3, 0, 0.583095, 0.266397, 0.465222, 0.516482, 0.697068, 0.802974, 0.853388, 0.863228, 0.954203
elapsed time for k point: 0 seconds.
solve_kpoint (0.5,0.4,0):
Solving for bands 1 to 8...
Finished solving for bands 1 to 8 after 8 iterations.
tmfreqs:, 10, 0.5, 0.4, 0, 0.640312, 0.276774, 0.48701, 0.501823, 0.687264, 0.837704, 0.86397, 0.865932, 0.916273
elapsed time for k point: 0 seconds.
solve_kpoint (0.5,0.5,0):
Solving for bands 1 to 8...
Finished solving for bands 1 to 8 after 9 iterations.
tmfreqs:, 11, 0.5, 0.5, 0, 0.707107, 0.280948, 0.496196, 0.496197, 0.682617, 0.859474, 0.878316, 0.878316, 0.879351
elapsed time for k point: 0 seconds.
solve_kpoint (0.4,0.4,0):
Solving for bands 1 to 8...
Finished solving for bands 1 to 8 after 10 iterations.
tmfreqs:, 12, 0.4, 0.4, 0, 0.565685, 0.27141, 0.485365, 0.501693, 0.689111, 0.830636, 0.844978, 0.893706, 0.898991
elapsed time for k point: 0 seconds.
solve_kpoint (0.3,0.3,0):
Solving for bands 1 to 8...
Finished solving for bands 1 to 8 after 7 iterations.
tmfreqs:, 13, 0.3, 0.3, 0, 0.424264, 0.236529, 0.473888, 0.515941, 0.679199, 0.819377, 0.829518, 0.897603, 0.933446
elapsed time for k point: 0 seconds.
solve_kpoint (0.2,0.2,0):
Solving for bands 1 to 8...
Finished solving for bands 1 to 8 after 7 iterations.
tmfreqs:, 14, 0.2, 0.2, 0, 0.282843, 0.172884, 0.482973, 0.533242, 0.640233, 0.819202, 0.838111, 0.910409, 0.976551
elapsed time for k point: 0 seconds.
solve_kpoint (0.1,0.1,0):
Solving for bands 1 to 8...
Finished solving for bands 1 to 8 after 8 iterations.
tmfreqs:, 15, 0.1, 0.1, 0, 0.141421, 0.0904174, 0.510404, 0.546943, 0.593803, 0.81373, 0.851132, 0.935551, 1.02882
elapsed time for k point: 0 seconds.
solve_kpoint (0,0,0):
Solving for bands 2 to 8...
Finished solving for bands 2 to 8 after 15 iterations.
tmfreqs:, 16, 0, 0, 0, 0, 0, 0.546027, 0.552094, 0.552096, 0.812093, 0.854314, 0.951107, 1.08259
elapsed time for k point: 0 seconds.
Band 1 range: 0.0 at #(0.0 0.0 0.0) to 0.2809479558404594 at #(0.5 0.5 0.0)
Band 2 range: 0.4171142494115707 at #(0.5 0.0 0.0) to 0.5460267985034353 at #(0.0 0.0 0.0)
Band 3 range: 0.4961974535699289 at #(0.5 0.5 0.0) to 0.5576576363777933 at #(0.5 0.0 0.0)
Band 4 range: 0.552095587324505 at #(0.0 0.0 0.0) to 0.7133951517520881 at #(0.5 0.0 0.0)
Band 5 range: 0.7413109658608318 at #(0.5 0.0 0.0) to 0.8594741081096257 at #(0.5 0.5 0.0)
Band 6 range: 0.8295176175038247 at #(0.30000000000000004 0.30000000000000004 0.0) to 0.8783155718493133 at #(0.5 0.5 0.0)
Band 7 range: 0.8625159058773563 at #(0.5 0.0 0.0) to 0.9511074625737004 at #(0.0 0.0 0.0)
Band 8 range: 0.8793510958411633 at #(0.5 0.5 0.0) to 1.0825931586302657 at #(0.0 0.0 0.0)
Gap from band 1 (0.2809479558404594) to band 2 (0.4171142494115707), 39.01265318380889%
Gap from band 4 (0.7133951517520881) to band 5 (0.7413109658608318), 3.8380005103094965%
total elapsed time for run: 0 seconds.
done.
